<?xml version="1.0" encoding="UTF-8"?>
<!-- Generated by org.testng.reporters.JUnitReportReporter -->
<testsuite hostname="TABI" name="com.screenshots.common.MultipleScreenShots" tests="1" failures="0" timestamp="17 Sep 2019 13:42:41 GMT" time="35.848" errors="0">
  <testcase name="multiScreenshots" time="35.848" classname="com.screenshots.common.MultipleScreenShots"/>
</testsuite> <!-- com.screenshots.common.MultipleScreenShots -->
