<?xml version="1.0" encoding="UTF-8"?>
<!-- Generated by org.testng.reporters.JUnitReportReporter -->
<testsuite hostname="TABI" name="com.screenshots.common.DifferentScreenShots" tests="1" failures="0" timestamp="17 Sep 2019 13:35:41 GMT" time="3.539" errors="0">
  <testcase name="multScreen" time="3.539" classname="com.screenshots.common.DifferentScreenShots"/>
</testsuite> <!-- com.screenshots.common.DifferentScreenShots -->
