<?xml version="1.0" encoding="UTF-8"?>
<!-- Generated by org.testng.reporters.JUnitReportReporter -->
<testsuite hostname="TABI" name="com.alerts.common.Alerts" tests="1" failures="0" timestamp="17 Sep 2019 14:06:00 GMT" time="0.324" errors="0">
  <testcase name="getTextOnAlert" time="0.324" classname="com.alerts.common.Alerts"/>
</testsuite> <!-- com.alerts.common.Alerts -->
