<?xml version="1.0" encoding="UTF-8"?>
<!-- Generated by org.testng.reporters.JUnitReportReporter -->
<testsuite hostname="TABI" name="com.screenshots.common.GoogleScreenShots" tests="1" failures="0" timestamp="17 Sep 2019 13:24:55 GMT" time="0.729" errors="0">
  <testcase name="takeScreenshorts" time="0.729" classname="com.screenshots.common.GoogleScreenShots"/>
</testsuite> <!-- com.screenshots.common.GoogleScreenShots -->
